Sun Mar 29 2026 13:26:56 [PH] info: Database connected successfully
Sun Mar 29 2026 13:26:56 [PH] info: Example app listening on port 5000
Thu Jun 04 2026 20:49:38 [PH] info: Database connected successfully
Thu Jun 04 2026 20:49:38 [PH] info: Example app listening on port 5000
Sat Jun 06 2026 13:52:50 [PH] info: Database connected successfully
Sat Jun 06 2026 13:52:50 [PH] info: Example app listening on port 5000
Sat Jun 06 2026 17:44:53 [PH] info: Database connected successfully
Sat Jun 06 2026 17:44:53 [PH] info: Example app listening on port 5000
Sat Jun 06 2026 18:0:43 [PH] info: Database connected successfully
Sat Jun 06 2026 18:0:43 [PH] info: Example app listening on port 5000
Sat Jun 06 2026 18:2:26 [PH] info: Database connected successfully
Sat Jun 06 2026 18:2:26 [PH] info: Example app listening on port 5000
Sat Jun 06 2026 18:6:41 [PH] info: Database connected successfully
Sat Jun 06 2026 18:6:41 [PH] info: Example app listening on port 5000
Sat Jun 06 2026 18:8:20 [PH] info: Database connected successfully
Sat Jun 06 2026 18:8:20 [PH] info: Example app listening on port 5000
Sat Jun 06 2026 18:16:6 [PH] info: Database connected successfully
Sat Jun 06 2026 18:16:6 [PH] info: Example app listening on port 5000
Sat Jun 06 2026 18:18:43 [PH] info: Database connected successfully
Sat Jun 06 2026 18:18:43 [PH] info: Example app listening on port 5000
